DEPRECATION WARNING: `Rails.application.secrets` is deprecated in favor of `Rails.application.credentials` and will be removed in Rails 7.2. (called from <main> at /home/sylvaind/THP/photochaton-polymorphic/config/environment.rb:5)
  [1m[35m (263.1ms)[0m  [1m[35mCREATE DATABASE "markat_development" ENCODING = 'unicode'[0m
  [1m[35m (113.6ms)[0m  [1m[35mCREATE DATABASE "markat_test" ENCODING = 'unicode'[0m
DEPRECATION WARNING: `Rails.application.secrets` is deprecated in favor of `Rails.application.credentials` and will be removed in Rails 7.2. (called from <main> at /home/sylvaind/THP/photochaton-polymorphic/config/environment.rb:5)
  [1m[35m (28.6ms)[0m  [1m[35mCREATE TABLE "schema_migrations" ("version" character varying NOT NULL PRIMARY KEY)[0m
  [1m[35m (9.7ms)[0m  [1m[35mCREATE TABLE "ar_internal_metadata" ("key" character varying NOT NULL PRIMARY KEY, "value" character varying, "created_at" timestamp(6) NOT NULL, "updated_at" timestamp(6) NOT NULL)[0m
  [1m[35m (0.2ms)[0m  [1m[34mSELECT pg_try_advisory_lock(7065367373245109250)[0m
  [1m[36mActiveRecord::SchemaMigration Load (0.4ms)[0m  [1m[34mSELECT "schema_migrations"."version" FROM "schema_migrations" ORDER BY "schema_migrations"."version" ASC[0m
  [1m[36mActiveRecord::InternalMetadata Load (1.1ms)[0m  [1m[34mSELECT * FROM "ar_internal_metadata" WHERE "ar_internal_metadata"."key" = $1 ORDER BY "ar_internal_metadata"."key" ASC LIMIT 1[0m  [[nil, "environment"]]
  [1m[36mActiveRecord::InternalMetadata Create (3.3ms)[0m  [1m[32mINSERT INTO "ar_internal_metadata" ("key", "value", "created_at", "updated_at") VALUES ('environment', 'development', '2023-11-28 10:31:58.209248', '2023-11-28 10:31:58.209256') RETURNING "key"[0m
Migrating to DeviseCreateUsers (20231128012957)
  [1m[36mTRANSACTION (0.1ms)[0m  [1m[35mBEGIN[0m
  [1m[35m (13.1ms)[0m  [1m[35mCREATE TABLE "users" ("id" bigserial primary key, "email" character varying DEFAULT '' NOT NULL, "encrypted_password" character varying DEFAULT '' NOT NULL, "reset_password_token" character varying, "reset_password_sent_at" timestamp(6), "remember_created_at" timestamp(6), "created_at" timestamp(6) NOT NULL, "updated_at" timestamp(6) NOT NULL)[0m
  [1m[35m (6.8ms)[0m  [1m[35mCREATE UNIQUE INDEX "index_users_on_email" ON "users" ("email")[0m
  [1m[35m (7.3ms)[0m  [1m[35mCREATE UNIQUE INDEX "index_users_on_reset_password_token" ON "users" ("reset_password_token")[0m
  [1m[36mActiveRecord::SchemaMigration Create (0.9ms)[0m  [1m[32mINSERT INTO "schema_migrations" ("version") VALUES ('20231128012957') RETURNING "version"[0m
  [1m[36mTRANSACTION (2.6ms)[0m  [1m[35mCOMMIT[0m
Migrating to CreatePhotos (20231128013048)
  [1m[36mTRANSACTION (1.6ms)[0m  [1m[35mBEGIN[0m
  [1m[35m (28.6ms)[0m  [1m[35mCREATE TABLE "photos" ("id" bigserial primary key, "title" character varying, "description" text, "price" decimal, "image_url" character varying, "created_at" timestamp(6) NOT NULL, "updated_at" timestamp(6) NOT NULL)[0m
  [1m[36mActiveRecord::SchemaMigration Create (0.4ms)[0m  [1m[32mINSERT INTO "schema_migrations" ("version") VALUES ('20231128013048') RETURNING "version"[0m
  [1m[36mTRANSACTION (3.8ms)[0m  [1m[35mCOMMIT[0m
Migrating to CreateCarts (20231128013115)
  [1m[36mTRANSACTION (0.3ms)[0m  [1m[35mBEGIN[0m
  [1m[35m (7.9ms)[0m  [1m[35mCREATE TABLE "carts" ("id" bigserial primary key, "user_id" bigint NOT NULL, "created_at" timestamp(6) NOT NULL, "updated_at" timestamp(6) NOT NULL)[0m
  [1m[35m (5.5ms)[0m  [1m[35mCREATE INDEX "index_carts_on_user_id" ON "carts" ("user_id")[0m
  [1m[36mActiveRecord::SchemaMigration Create (0.7ms)[0m  [1m[32mINSERT INTO "schema_migrations" ("version") VALUES ('20231128013115') RETURNING "version"[0m
  [1m[36mTRANSACTION (3.3ms)[0m  [1m[35mCOMMIT[0m
Migrating to CreateOrders (20231128013144)
  [1m[36mTRANSACTION (0.4ms)[0m  [1m[35mBEGIN[0m
  [1m[35m (24.3ms)[0m  [1m[35mCREATE TABLE "orders" ("id" bigserial primary key, "user_id" bigint NOT NULL, "total_price" decimal, "status" character varying, "created_at" timestamp(6) NOT NULL, "updated_at" timestamp(6) NOT NULL)[0m
  [1m[35m (13.6ms)[0m  [1m[35mCREATE INDEX "index_orders_on_user_id" ON "orders" ("user_id")[0m
  [1m[36mActiveRecord::SchemaMigration Create (1.2ms)[0m  [1m[32mINSERT INTO "schema_migrations" ("version") VALUES ('20231128013144') RETURNING "version"[0m
  [1m[36mTRANSACTION (6.5ms)[0m  [1m[35mCOMMIT[0m
Migrating to CreateLineItems (20231128013214)
  [1m[36mTRANSACTION (0.7ms)[0m  [1m[35mBEGIN[0m
  [1m[35m (31.3ms)[0m  [1m[35mCREATE TABLE "line_items" ("id" bigserial primary key, "itemable_type" character varying NOT NULL, "itemable_id" bigint NOT NULL, "photo_id" bigint NOT NULL, "quantity" integer, "price" decimal, "created_at" timestamp(6) NOT NULL, "updated_at" timestamp(6) NOT NULL)[0m
  [1m[35m (14.1ms)[0m  [1m[35mCREATE INDEX "index_line_items_on_itemable" ON "line_items" ("itemable_type", "itemable_id")[0m
  [1m[35m (15.0ms)[0m  [1m[35mCREATE INDEX "index_line_items_on_photo_id" ON "line_items" ("photo_id")[0m
  [1m[36mActiveRecord::SchemaMigration Create (0.6ms)[0m  [1m[32mINSERT INTO "schema_migrations" ("version") VALUES ('20231128013214') RETURNING "version"[0m
  [1m[36mTRANSACTION (6.6ms)[0m  [1m[35mCOMMIT[0m
  [1m[35m (0.7ms)[0m  [1m[34mSELECT pg_advisory_unlock(7065367373245109250)[0m
  [1m[36mActiveRecord::SchemaMigration Load (0.6ms)[0m  [1m[34mSELECT "schema_migrations"."version" FROM "schema_migrations" ORDER BY "schema_migrations"."version" ASC[0m
DEPRECATION WARNING: `Rails.application.secrets` is deprecated in favor of `Rails.application.credentials` and will be removed in Rails 7.2. (called from <main> at /home/sylvaind/THP/photochaton-polymorphic/config/environment.rb:5)
Started GET "/" for 127.0.0.1 at 2023-11-28 11:32:22 +0100
  [1m[36mActiveRecord::SchemaMigration Load (1.8ms)[0m  [1m[34mSELECT "schema_migrations"."version" FROM "schema_migrations" ORDER BY "schema_migrations"."version" ASC[0m
Processing by PhotosController#index as HTML
  Rendering layout layouts/application.html.erb
  Rendering photos/index.html.erb within layouts/application
  [1m[36mPhoto Load (0.5ms)[0m  [1m[34mSELECT "photos".* FROM "photos"[0m
  ↳ app/views/photos/index.html.erb:6
  Rendered photos/index.html.erb within layouts/application (Duration: 11.0ms | Allocations: 4321)
  Rendered layout layouts/application.html.erb (Duration: 273.3ms | Allocations: 84065)
Completed 500 Internal Server Error in 1506ms (ActiveRecord: 4.0ms | Allocations: 1065670)


  
ActionView::Template::Error (The asset "application.js" is not present in the asset pipeline.
):
    11:     <%= stylesheet_link_tag 'https://cdn.jsdelivr.net/npm/bootstrap-icons@1.11.1/font/bootstrap-icons.css', media: 'all' %>
    12: 
    13:     <%= stylesheet_link_tag "application", "data-turbo-track": "reload" %>
    14:     <%= javascript_include_tag "application", "data-turbo-track": "reload", defer: true %>
    15:   </head>
    16: 
    17:   <body>
  
app/views/layouts/application.html.erb:14
Started GET "/" for 127.0.0.1 at 2023-11-28 11:34:31 +0100
Processing by PhotosController#index as HTML
  Rendering layout layouts/application.html.erb
  Rendering photos/index.html.erb within layouts/application
  [1m[36mPhoto Load (1.0ms)[0m  [1m[34mSELECT "photos".* FROM "photos"[0m
  ↳ app/views/photos/index.html.erb:6
  Rendered photos/index.html.erb within layouts/application (Duration: 5.4ms | Allocations: 592)
  Rendered layout layouts/application.html.erb (Duration: 20.9ms | Allocations: 3656)
Completed 500 Internal Server Error in 24ms (ActiveRecord: 1.0ms | Allocations: 3886)


  
ActionView::Template::Error (The asset "application.js" is not present in the asset pipeline.
):
    11:     <%= stylesheet_link_tag 'https://cdn.jsdelivr.net/npm/bootstrap-icons@1.11.1/font/bootstrap-icons.css', media: 'all' %>
    12: 
    13:     <%= stylesheet_link_tag "application", "data-turbo-track": "reload" %>
    14:     <%= javascript_include_tag "application", "data-turbo-track": "reload", defer: true %>
    15:   </head>
    16: 
    17:   <body>
  
app/views/layouts/application.html.erb:14
Started GET "/" for 127.0.0.1 at 2023-11-28 11:36:58 +0100
Processing by PhotosController#index as HTML
  Rendering layout layouts/application.html.erb
  Rendering photos/index.html.erb within layouts/application
  [1m[36mPhoto Load (0.9ms)[0m  [1m[34mSELECT "photos".* FROM "photos"[0m
  ↳ app/views/photos/index.html.erb:6
  Rendered photos/index.html.erb within layouts/application (Duration: 5.3ms | Allocations: 584)
  Rendered layout layouts/application.html.erb (Duration: 15.8ms | Allocations: 3645)
Completed 500 Internal Server Error in 20ms (ActiveRecord: 0.9ms | Allocations: 3873)


  
ActionView::Template::Error (The asset "application.js" is not present in the asset pipeline.
):
    11:     <%= stylesheet_link_tag 'https://cdn.jsdelivr.net/npm/bootstrap-icons@1.11.1/font/bootstrap-icons.css', media: 'all' %>
    12: 
    13:     <%= stylesheet_link_tag "application", "data-turbo-track": "reload" %>
    14:     <%= javascript_include_tag "application", "data-turbo-track": "reload", defer: true %>
    15:   </head>
    16: 
    17:   <body>
  
app/views/layouts/application.html.erb:14
DEPRECATION WARNING: `Rails.application.secrets` is deprecated in favor of `Rails.application.credentials` and will be removed in Rails 7.2. (called from <main> at /home/sylvaind/THP/photochaton-polymorphic/config/environment.rb:5)
Started GET "/" for 127.0.0.1 at 2023-11-28 11:37:21 +0100
Processing by PhotosController#index as HTML
  Rendering layout layouts/application.html.erb
  Rendering photos/index.html.erb within layouts/application
  [1m[36mPhoto Load (0.8ms)[0m  [1m[34mSELECT "photos".* FROM "photos"[0m
  ↳ app/views/photos/index.html.erb:6
  Rendered photos/index.html.erb within layouts/application (Duration: 4.3ms | Allocations: 590)
  Rendered layout layouts/application.html.erb (Duration: 168.4ms | Allocations: 16861)
Completed 200 OK in 177ms (Views: 174.6ms | ActiveRecord: 0.8ms | Allocations: 17156)


Started GET "/photos/new" for 127.0.0.1 at 2023-11-28 11:37:25 +0100
Processing by PhotosController#new as HTML
  Rendering layout layouts/application.html.erb
  Rendering photos/new.html.erb within layouts/application
  Rendered photos/_form.html.erb (Duration: 29.8ms | Allocations: 5804)
  Rendered photos/new.html.erb within layouts/application (Duration: 30.7ms | Allocations: 6086)
  Rendered layout layouts/application.html.erb (Duration: 32.5ms | Allocations: 8015)
Completed 200 OK in 95ms (Views: 33.1ms | ActiveRecord: 9.6ms | Allocations: 23586)


Started POST "/photos" for 127.0.0.1 at 2023-11-28 11:37:37 +0100
Processing by PhotosController#create as HTML
  Parameters: {"authenticity_token"=>"[FILTERED]", "photo"=>{"title"=>"lal", "description"=>"lulu", "price"=>"88", "image_url"=>""}, "commit"=>"Create Photo"}
  [1m[36mTRANSACTION (0.2ms)[0m  [1m[35mBEGIN[0m
  ↳ app/controllers/photos_controller.rb:29:in `block in create'
  [1m[36mPhoto Create (4.1ms)[0m  [1m[32mINSERT INTO "photos" ("title", "description", "price", "image_url", "created_at", "updated_at") VALUES ($1, $2, $3, $4, $5, $6) RETURNING "id"[0m  [["title", "lal"], ["description", "lulu"], ["price", "88.0"], ["image_url", ""], ["created_at", "2023-11-28 10:37:37.805049"], ["updated_at", "2023-11-28 10:37:37.805049"]]
  ↳ app/controllers/photos_controller.rb:29:in `block in create'
  [1m[36mTRANSACTION (3.6ms)[0m  [1m[35mCOMMIT[0m
  ↳ app/controllers/photos_controller.rb:29:in `block in create'
Redirected to http://127.0.0.1:3000/photos/1
Completed 302 Found in 28ms (ActiveRecord: 7.8ms | Allocations: 3735)


Started GET "/photos/1" for 127.0.0.1 at 2023-11-28 11:37:37 +0100
Processing by PhotosController#show as HTML
  Parameters: {"id"=>"1"}
  [1m[36mPhoto Load (0.7ms)[0m  [1m[34mSELECT "photos".* FROM "photos" WHERE "photos"."id" = $1 LIMIT $2[0m  [["id", 1], ["LIMIT", 1]]
  ↳ app/controllers/photos_controller.rb:65:in `set_photo'
  Rendering layout layouts/application.html.erb
  Rendering photos/show.html.erb within layouts/application
  Rendered photos/_photo.html.erb (Duration: 1.5ms | Allocations: 242)
  Rendered photos/show.html.erb within layouts/application (Duration: 9.9ms | Allocations: 1766)
  Rendered layout layouts/application.html.erb (Duration: 10.7ms | Allocations: 1857)
Completed 500 Internal Server Error in 22ms (ActiveRecord: 0.9ms | Allocations: 5183)


  
ActionView::Template::Error (undefined method `id' for nil:NilClass):
    3: <%= render @photo %>
    4: 
    5: <div>
    6:   <%= form_with url: cart_add_to_path(cart_id: @cart.id, photo_id: @photo.id), method: :post do %>
    7:     <%= submit_tag "Add to cart" %>
    8:   <% end %>
    9: </div>
  
app/views/photos/show.html.erb:6
Started POST "/photos" for 127.0.0.1 at 2023-11-28 11:38:11 +0100
Processing by PhotosController#create as HTML
  Parameters: {"authenticity_token"=>"[FILTERED]", "photo"=>{"title"=>"lal", "description"=>"lulu", "price"=>"88", "image_url"=>"https://images.app.goo.gl/bVXZzeUMofy3N7AY6"}, "commit"=>"Create Photo"}
  [1m[36mTRANSACTION (0.6ms)[0m  [1m[35mBEGIN[0m
  ↳ app/controllers/photos_controller.rb:29:in `block in create'
  [1m[36mPhoto Create (4.0ms)[0m  [1m[32mINSERT INTO "photos" ("title", "description", "price", "image_url", "created_at", "updated_at") VALUES ($1, $2, $3, $4, $5, $6) RETURNING "id"[0m  [["title", "lal"], ["description", "lulu"], ["price", "88.0"], ["image_url", "https://images.app.goo.gl/bVXZzeUMofy3N7AY6"], ["created_at", "2023-11-28 10:38:11.178937"], ["updated_at", "2023-11-28 10:38:11.178937"]]
  ↳ app/controllers/photos_controller.rb:29:in `block in create'
  [1m[36mTRANSACTION (3.0ms)[0m  [1m[35mCOMMIT[0m
  ↳ app/controllers/photos_controller.rb:29:in `block in create'
Redirected to http://127.0.0.1:3000/photos/2
Completed 302 Found in 16ms (ActiveRecord: 7.5ms | Allocations: 2102)


Started GET "/photos/2" for 127.0.0.1 at 2023-11-28 11:38:11 +0100
Processing by PhotosController#show as HTML
  Parameters: {"id"=>"2"}
  [1m[36mPhoto Load (0.3ms)[0m  [1m[34mSELECT "photos".* FROM "photos" WHERE "photos"."id" = $1 LIMIT $2[0m  [["id", 2], ["LIMIT", 1]]
  ↳ app/controllers/photos_controller.rb:65:in `set_photo'
  Rendering layout layouts/application.html.erb
  Rendering photos/show.html.erb within layouts/application
  Rendered photos/_photo.html.erb (Duration: 0.3ms | Allocations: 26)
  Rendered photos/show.html.erb within layouts/application (Duration: 2.4ms | Allocations: 1096)
  Rendered layout layouts/application.html.erb (Duration: 2.9ms | Allocations: 1187)
Completed 500 Internal Server Error in 6ms (ActiveRecord: 0.3ms | Allocations: 2178)


  
ActionView::Template::Error (undefined method `id' for nil:NilClass):
    3: <%= render @photo %>
    4: 
    5: <div>
    6:   <%= form_with url: cart_add_to_path(cart_id: @cart.id, photo_id: @photo.id), method: :post do %>
    7:     <%= submit_tag "Add to cart" %>
    8:   <% end %>
    9: </div>
  
app/views/photos/show.html.erb:6
Started GET "/photos" for 127.0.0.1 at 2023-11-28 11:39:05 +0100
Processing by PhotosController#index as HTML
  Rendering layout layouts/application.html.erb
  Rendering photos/index.html.erb within layouts/application
  [1m[36mPhoto Load (0.7ms)[0m  [1m[34mSELECT "photos".* FROM "photos"[0m
  ↳ app/views/photos/index.html.erb:6
  Rendered photos/_photo.html.erb (Duration: 0.2ms | Allocations: 25)
  Rendered photos/_photo.html.erb (Duration: 0.1ms | Allocations: 25)
  Rendered photos/index.html.erb within layouts/application (Duration: 9.9ms | Allocations: 1036)
  Rendered layout layouts/application.html.erb (Duration: 15.9ms | Allocations: 2971)
Completed 200 OK in 23ms (Views: 19.6ms | ActiveRecord: 0.7ms | Allocations: 3210)


Started GET "/photos/1" for 127.0.0.1 at 2023-11-28 11:39:08 +0100
Processing by PhotosController#show as HTML
  Parameters: {"id"=>"1"}
  [1m[36mPhoto Load (0.5ms)[0m  [1m[34mSELECT "photos".* FROM "photos" WHERE "photos"."id" = $1 LIMIT $2[0m  [["id", 1], ["LIMIT", 1]]
  ↳ app/controllers/photos_controller.rb:65:in `set_photo'
  Rendering layout layouts/application.html.erb
  Rendering photos/show.html.erb within layouts/application
  Rendered photos/_photo.html.erb (Duration: 0.8ms | Allocations: 25)
  Rendered photos/show.html.erb within layouts/application (Duration: 2.4ms | Allocations: 1094)
  Rendered layout layouts/application.html.erb (Duration: 2.8ms | Allocations: 1185)
Completed 500 Internal Server Error in 11ms (ActiveRecord: 0.5ms | Allocations: 2135)


  
ActionView::Template::Error (undefined method `id' for nil:NilClass):
    3: <%= render @photo %>
    4: 
    5: <div>
    6:   <%= form_with url: cart_add_to_path(cart_id: @cart.id, photo_id: @photo.id), method: :post do %>
    7:     <%= submit_tag "Add to cart" %>
    8:   <% end %>
    9: </div>
  
app/views/photos/show.html.erb:6
Started GET "/photos/2" for 127.0.0.1 at 2023-11-28 11:39:16 +0100
Processing by PhotosController#show as HTML
  Parameters: {"id"=>"2"}
  [1m[36mPhoto Load (0.7ms)[0m  [1m[34mSELECT "photos".* FROM "photos" WHERE "photos"."id" = $1 LIMIT $2[0m  [["id", 2], ["LIMIT", 1]]
  ↳ app/controllers/photos_controller.rb:65:in `set_photo'
  Rendering layout layouts/application.html.erb
  Rendering photos/show.html.erb within layouts/application
  Rendered photos/_photo.html.erb (Duration: 0.8ms | Allocations: 26)
  Rendered photos/show.html.erb within layouts/application (Duration: 6.9ms | Allocations: 1096)
  Rendered layout layouts/application.html.erb (Duration: 8.2ms | Allocations: 1187)
Completed 500 Internal Server Error in 22ms (ActiveRecord: 0.6ms | Allocations: 2151)


  
ActionView::Template::Error (undefined method `id' for nil:NilClass):
    3: <%= render @photo %>
    4: 
    5: <div>
    6:   <%= form_with url: cart_add_to_path(cart_id: @cart.id, photo_id: @photo.id), method: :post do %>
    7:     <%= submit_tag "Add to cart" %>
    8:   <% end %>
    9: </div>
  
app/views/photos/show.html.erb:6
Started GET "/users/sign_up" for 127.0.0.1 at 2023-11-28 11:39:23 +0100
Processing by Devise::RegistrationsController#new as HTML
  Rendering layout layouts/application.html.erb
  Rendering devise/registrations/new.html.erb within layouts/application
  Rendered devise/shared/_error_messages.html.erb (Duration: 1.9ms | Allocations: 219)
  Rendered devise/shared/_links.html.erb (Duration: 7.9ms | Allocations: 583)
  Rendered devise/registrations/new.html.erb within layouts/application (Duration: 68.0ms | Allocations: 3119)
  Rendered layout layouts/application.html.erb (Duration: 79.7ms | Allocations: 5105)
Completed 200 OK in 159ms (Views: 95.3ms | ActiveRecord: 6.5ms | Allocations: 14296)


Started POST "/users" for 127.0.0.1 at 2023-11-28 11:39:47 +0100
Processing by Devise::RegistrationsController#create as HTML
  Parameters: {"authenticity_token"=>"[FILTERED]", "user"=>{"email"=>"admoun@admoun.com", "password"=>"[FILTERED]", "password_confirmation"=>"[FILTERED]"}, "commit"=>"Sign up"}
  [1m[36mTRANSACTION (0.6ms)[0m  [1m[35mBEGIN[0m
  [1m[36mUser Exists? (5.2ms)[0m  [1m[34mSELECT 1 AS one FROM "users" WHERE "users"."email" = $1 LIMIT $2[0m  [["email", "admoun@admoun.com"], ["LIMIT", 1]]
  [1m[36mUser Create (2.1ms)[0m  [1m[32mINSERT INTO "users" ("email", "encrypted_password", "reset_password_token", "reset_password_sent_at", "remember_created_at", "created_at", "updated_at") VALUES ($1, $2, $3, $4, $5, $6, $7) RETURNING "id"[0m  [["email", "admoun@admoun.com"], ["encrypted_password", "[FILTERED]"], ["reset_password_token", "[FILTERED]"], ["reset_password_sent_at", "[FILTERED]"], ["remember_created_at", nil], ["created_at", "2023-11-28 10:39:47.311286"], ["updated_at", "2023-11-28 10:39:47.311286"]]
  [1m[36mCart Create (1.4ms)[0m  [1m[32mINSERT INTO "carts" ("user_id", "created_at", "updated_at") VALUES ($1, $2, $3) RETURNING "id"[0m  [["user_id", 1], ["created_at", "2023-11-28 10:39:47.361032"], ["updated_at", "2023-11-28 10:39:47.361032"]]
  ↳ app/models/user.rb:14:in `create_cart'
  [1m[36mTRANSACTION (2.9ms)[0m  [1m[35mCOMMIT[0m
Redirected to http://127.0.0.1:3000/
Completed 303 See Other in 301ms (ActiveRecord: 15.7ms | Allocations: 17922)


Started GET "/" for 127.0.0.1 at 2023-11-28 11:39:47 +0100
Processing by PhotosController#index as HTML
  Rendering layout layouts/application.html.erb
  Rendering photos/index.html.erb within layouts/application
  [1m[36mPhoto Load (0.4ms)[0m  [1m[34mSELECT "photos".* FROM "photos"[0m
  ↳ app/views/photos/index.html.erb:6
  Rendered photos/_photo.html.erb (Duration: 0.1ms | Allocations: 25)
  Rendered photos/_photo.html.erb (Duration: 0.0ms | Allocations: 25)
  Rendered photos/index.html.erb within layouts/application (Duration: 2.2ms | Allocations: 1020)
  [1m[36mUser Load (0.3ms)[0m  [1m[34mSELECT "users".* FROM "users" WHERE "users"."id" = $1 ORDER BY "users"."id" ASC LIMIT $2[0m  [["id", 1], ["LIMIT", 1]]
  ↳ app/views/layouts/application.html.erb:27
  Rendered layout layouts/application.html.erb (Duration: 11.0ms | Allocations: 3853)
Completed 200 OK in 12ms (Views: 11.0ms | ActiveRecord: 0.7ms | Allocations: 4094)


Started GET "/users/1" for 127.0.0.1 at 2023-11-28 11:39:55 +0100
Processing by UsersController#show as HTML
  Parameters: {"id"=>"1"}
  [1m[36mUser Load (0.4ms)[0m  [1m[34mSELECT "users".* FROM "users" WHERE "users"."id" = $1 ORDER BY "users"."id" ASC LIMIT $2[0m  [["id", 1], ["LIMIT", 1]]
  Rendering layout layouts/application.html.erb
  Rendering users/show.html.erb within layouts/application
  Rendered users/_user.html.erb (Duration: 0.4ms | Allocations: 166)
  Rendered users/show.html.erb within layouts/application (Duration: 2.8ms | Allocations: 751)
  Rendered layout layouts/application.html.erb (Duration: 6.3ms | Allocations: 2685)
Completed 200 OK in 14ms (Views: 8.4ms | ActiveRecord: 0.4ms | Allocations: 4596)


Started GET "/" for 127.0.0.1 at 2023-11-28 11:39:59 +0100
Processing by PhotosController#index as HTML
  Rendering layout layouts/application.html.erb
  Rendering photos/index.html.erb within layouts/application
  [1m[36mPhoto Load (1.0ms)[0m  [1m[34mSELECT "photos".* FROM "photos"[0m
  ↳ app/views/photos/index.html.erb:6
  Rendered photos/_photo.html.erb (Duration: 0.3ms | Allocations: 25)
  Rendered photos/_photo.html.erb (Duration: 0.3ms | Allocations: 25)
  Rendered photos/index.html.erb within layouts/application (Duration: 9.5ms | Allocations: 995)
  [1m[36mUser Load (0.4ms)[0m  [1m[34mSELECT "users".* FROM "users" WHERE "users"."id" = $1 ORDER BY "users"."id" ASC LIMIT $2[0m  [["id", 1], ["LIMIT", 1]]
  ↳ app/views/layouts/application.html.erb:27
  Rendered layout layouts/application.html.erb (Duration: 16.9ms | Allocations: 3581)
Completed 200 OK in 18ms (Views: 16.1ms | ActiveRecord: 1.3ms | Allocations: 3822)


Started GET "/photos/1" for 127.0.0.1 at 2023-11-28 11:40:01 +0100
Processing by PhotosController#show as HTML
  Parameters: {"id"=>"1"}
  [1m[36mPhoto Load (0.3ms)[0m  [1m[34mSELECT "photos".* FROM "photos" WHERE "photos"."id" = $1 LIMIT $2[0m  [["id", 1], ["LIMIT", 1]]
  ↳ app/controllers/photos_controller.rb:65:in `set_photo'
  [1m[36mUser Load (0.3ms)[0m  [1m[34mSELECT "users".* FROM "users" WHERE "users"."id" = $1 ORDER BY "users"."id" ASC LIMIT $2[0m  [["id", 1], ["LIMIT", 1]]
  ↳ app/controllers/photos_controller.rb:11:in `show'
  [1m[36mCart Load (0.3ms)[0m  [1m[34mSELECT "carts".* FROM "carts" WHERE "carts"."user_id" = $1 LIMIT $2[0m  [["user_id", 1], ["LIMIT", 1]]
  ↳ app/controllers/photos_controller.rb:11:in `show'
  Rendering layout layouts/application.html.erb
  Rendering photos/show.html.erb within layouts/application
  Rendered photos/_photo.html.erb (Duration: 0.2ms | Allocations: 25)
  Rendered photos/show.html.erb within layouts/application (Duration: 2.1ms | Allocations: 280)
  Rendered layout layouts/application.html.erb (Duration: 7.5ms | Allocations: 2209)
Completed 200 OK in 84ms (Views: 9.0ms | ActiveRecord: 3.0ms | Allocations: 17250)


Started POST "/carts/1/add/1" for 127.0.0.1 at 2023-11-28 11:40:03 +0100
Processing by CartsController#add as HTML
  Parameters: {"authenticity_token"=>"[FILTERED]", "commit"=>"Add to cart", "cart_id"=>"1", "photo_id"=>"1"}
  [1m[36mUser Load (0.2ms)[0m  [1m[34mSELECT "users".* FROM "users" WHERE "users"."id" = $1 ORDER BY "users"."id" ASC LIMIT $2[0m  [["id", 1], ["LIMIT", 1]]
  [1m[36mCart Load (0.2ms)[0m  [1m[34mSELECT "carts".* FROM "carts" WHERE "carts"."user_id" = $1 LIMIT $2[0m  [["user_id", 1], ["LIMIT", 1]]
  ↳ app/controllers/carts_controller.rb:9:in `add'
  [1m[36mPhoto Load (0.1ms)[0m  [1m[34mSELECT "photos".* FROM "photos" WHERE "photos"."id" = $1 LIMIT $2[0m  [["id", 1], ["LIMIT", 1]]
  ↳ app/controllers/carts_controller.rb:10:in `add'
  [1m[36mTRANSACTION (0.2ms)[0m  [1m[35mBEGIN[0m
  ↳ app/controllers/carts_controller.rb:11:in `add'
  [1m[36mLineItem Create (9.2ms)[0m  [1m[32mINSERT INTO "line_items" ("itemable_type", "itemable_id", "photo_id", "quantity", "price", "created_at", "updated_at") VALUES ($1, $2, $3, $4, $5, $6, $7) RETURNING "id"[0m  [["itemable_type", "Cart"], ["itemable_id", 1], ["photo_id", 1], ["quantity", 1], ["price", "88.0"], ["created_at", "2023-11-28 10:40:03.382532"], ["updated_at", "2023-11-28 10:40:03.382532"]]
  ↳ app/controllers/carts_controller.rb:11:in `add'
  [1m[36mTRANSACTION (2.9ms)[0m  [1m[35mCOMMIT[0m
  ↳ app/controllers/carts_controller.rb:11:in `add'
Redirected to http://127.0.0.1:3000/carts/1
Completed 302 Found in 23ms (ActiveRecord: 12.7ms | Allocations: 5386)


Started GET "/carts/1" for 127.0.0.1 at 2023-11-28 11:40:03 +0100
Processing by CartsController#show as HTML
  Parameters: {"id"=>"1"}
  [1m[36mUser Load (0.4ms)[0m  [1m[34mSELECT "users".* FROM "users" WHERE "users"."id" = $1 ORDER BY "users"."id" ASC LIMIT $2[0m  [["id", 1], ["LIMIT", 1]]
  [1m[36mCart Load (1.2ms)[0m  [1m[34mSELECT "carts".* FROM "carts" WHERE "carts"."user_id" = $1 LIMIT $2[0m  [["user_id", 1], ["LIMIT", 1]]
  ↳ app/controllers/carts_controller.rb:5:in `show'
  Rendering layout layouts/application.html.erb
  Rendering carts/show.html.erb within layouts/application
  [1m[36mLineItem Exists? (0.8ms)[0m  [1m[34mSELECT 1 AS one FROM "line_items" WHERE "line_items"."itemable_id" = $1 AND "line_items"."itemable_type" = $2 LIMIT $3[0m  [["itemable_id", 1], ["itemable_type", "Cart"], ["LIMIT", 1]]
  ↳ app/views/carts/show.html.erb:3
  [1m[36mLineItem Load (0.8ms)[0m  [1m[34mSELECT "line_items".* FROM "line_items" WHERE "line_items"."itemable_id" = $1 AND "line_items"."itemable_type" = $2[0m  [["itemable_id", 1], ["itemable_type", "Cart"]]
  ↳ app/views/carts/show.html.erb:4
  [1m[36mPhoto Load (0.3ms)[0m  [1m[34mSELECT "photos".* FROM "photos" WHERE "photos"."id" = $1 LIMIT $2[0m  [["id", 1], ["LIMIT", 1]]
  ↳ app/views/carts/show.html.erb:6
  Rendered carts/show.html.erb within layouts/application (Duration: 47.2ms | Allocations: 6515)
  Rendered layout layouts/application.html.erb (Duration: 47.5ms | Allocations: 6606)
Completed 500 Internal Server Error in 60ms (ActiveRecord: 3.4ms | Allocations: 9026)


  
ActionView::Template::Error (undefined method `cart_remove_from_path' for #<ActionView::Base:0x00000000010158>):
    4:   <% @cart.line_items.each do |line_item| %>
    5:     <div>
    6:       <p><%= line_item.photo.title %>: <%= number_to_currency(line_item.price) %></p>
    7:       <%= button_to 'Remove', cart_remove_from_path(line_item_id: line_item.id), method: :delete %>
    8:       </div>
    9:   <% end %>
   10: 
  
app/views/carts/show.html.erb:7
app/views/carts/show.html.erb:4
Started POST "/carts/1/add/1" for 127.0.0.1 at 2023-11-28 11:40:30 +0100
Processing by CartsController#add as HTML
  Parameters: {"authenticity_token"=>"[FILTERED]", "commit"=>"Add to cart", "cart_id"=>"1", "photo_id"=>"1"}
  [1m[36mUser Load (0.5ms)[0m  [1m[34mSELECT "users".* FROM "users" WHERE "users"."id" = $1 ORDER BY "users"."id" ASC LIMIT $2[0m  [["id", 1], ["LIMIT", 1]]
  [1m[36mCart Load (0.5ms)[0m  [1m[34mSELECT "carts".* FROM "carts" WHERE "carts"."user_id" = $1 LIMIT $2[0m  [["user_id", 1], ["LIMIT", 1]]
  ↳ app/controllers/carts_controller.rb:9:in `add'
  [1m[36mPhoto Load (0.2ms)[0m  [1m[34mSELECT "photos".* FROM "photos" WHERE "photos"."id" = $1 LIMIT $2[0m  [["id", 1], ["LIMIT", 1]]
  ↳ app/controllers/carts_controller.rb:10:in `add'
  [1m[36mTRANSACTION (0.6ms)[0m  [1m[35mBEGIN[0m
  ↳ app/controllers/carts_controller.rb:11:in `add'
  [1m[36mLineItem Create (3.0ms)[0m  [1m[32mINSERT INTO "line_items" ("itemable_type", "itemable_id", "photo_id", "quantity", "price", "created_at", "updated_at") VALUES ($1, $2, $3, $4, $5, $6, $7) RETURNING "id"[0m  [["itemable_type", "Cart"], ["itemable_id", 1], ["photo_id", 1], ["quantity", 1], ["price", "88.0"], ["created_at", "2023-11-28 10:40:30.906566"], ["updated_at", "2023-11-28 10:40:30.906566"]]
  ↳ app/controllers/carts_controller.rb:11:in `add'
  [1m[36mTRANSACTION (2.1ms)[0m  [1m[35mCOMMIT[0m
  ↳ app/controllers/carts_controller.rb:11:in `add'
Redirected to http://127.0.0.1:3000/carts/1
Completed 302 Found in 26ms (ActiveRecord: 6.8ms | Allocations: 4534)


Started GET "/carts/1" for 127.0.0.1 at 2023-11-28 11:40:30 +0100
Processing by CartsController#show as HTML
  Parameters: {"id"=>"1"}
  [1m[36mUser Load (0.2ms)[0m  [1m[34mSELECT "users".* FROM "users" WHERE "users"."id" = $1 ORDER BY "users"."id" ASC LIMIT $2[0m  [["id", 1], ["LIMIT", 1]]
  [1m[36mCart Load (0.3ms)[0m  [1m[34mSELECT "carts".* FROM "carts" WHERE "carts"."user_id" = $1 LIMIT $2[0m  [["user_id", 1], ["LIMIT", 1]]
  ↳ app/controllers/carts_controller.rb:5:in `show'
  Rendering layout layouts/application.html.erb
  Rendering carts/show.html.erb within layouts/application
  [1m[36mLineItem Exists? (0.4ms)[0m  [1m[34mSELECT 1 AS one FROM "line_items" WHERE "line_items"."itemable_id" = $1 AND "line_items"."itemable_type" = $2 LIMIT $3[0m  [["itemable_id", 1], ["itemable_type", "Cart"], ["LIMIT", 1]]
  ↳ app/views/carts/show.html.erb:3
  [1m[36mLineItem Load (0.5ms)[0m  [1m[34mSELECT "line_items".* FROM "line_items" WHERE "line_items"."itemable_id" = $1 AND "line_items"."itemable_type" = $2[0m  [["itemable_id", 1], ["itemable_type", "Cart"]]
  ↳ app/views/carts/show.html.erb:4
  [1m[36mPhoto Load (0.2ms)[0m  [1m[34mSELECT "photos".* FROM "photos" WHERE "photos"."id" = $1 LIMIT $2[0m  [["id", 1], ["LIMIT", 1]]
  ↳ app/views/carts/show.html.erb:6
  Rendered carts/show.html.erb within layouts/application (Duration: 7.6ms | Allocations: 2777)
  Rendered layout layouts/application.html.erb (Duration: 8.0ms | Allocations: 2868)
Completed 500 Internal Server Error in 15ms (ActiveRecord: 1.5ms | Allocations: 5048)


  
ActionView::Template::Error (undefined method `cart_remove_from_path' for #<ActionView::Base:0x000000000104c8>):
    4:   <% @cart.line_items.each do |line_item| %>
    5:     <div>
    6:       <p><%= line_item.photo.title %>: <%= number_to_currency(line_item.price) %></p>
    7:       <%= button_to 'Remove', cart_remove_from_path(line_item_id: line_item.id), method: :delete %>
    8:       </div>
    9:   <% end %>
   10: 
  
app/views/carts/show.html.erb:7
app/views/carts/show.html.erb:4
Started GET "/users/1" for 127.0.0.1 at 2023-11-28 11:40:34 +0100
Processing by UsersController#show as HTML
  Parameters: {"id"=>"1"}
  [1m[36mUser Load (0.6ms)[0m  [1m[34mSELECT "users".* FROM "users" WHERE "users"."id" = $1 ORDER BY "users"."id" ASC LIMIT $2[0m  [["id", 1], ["LIMIT", 1]]
  Rendering layout layouts/application.html.erb
  Rendering users/show.html.erb within layouts/application
  Rendered users/_user.html.erb (Duration: 0.1ms | Allocations: 18)
  Rendered users/show.html.erb within layouts/application (Duration: 1.0ms | Allocations: 289)
  Rendered layout layouts/application.html.erb (Duration: 3.6ms | Allocations: 2239)
Completed 200 OK in 14ms (Views: 4.8ms | ActiveRecord: 0.6ms | Allocations: 3907)


Started GET "/" for 127.0.0.1 at 2023-11-28 11:40:43 +0100
Processing by PhotosController#index as HTML
  Rendering layout layouts/application.html.erb
  Rendering photos/index.html.erb within layouts/application
  [1m[36mPhoto Load (1.0ms)[0m  [1m[34mSELECT "photos".* FROM "photos"[0m
  ↳ app/views/photos/index.html.erb:6
  Rendered photos/_photo.html.erb (Duration: 0.2ms | Allocations: 25)
  Rendered photos/_photo.html.erb (Duration: 0.3ms | Allocations: 25)
  Rendered photos/index.html.erb within layouts/application (Duration: 9.0ms | Allocations: 995)
  [1m[36mUser Load (0.4ms)[0m  [1m[34mSELECT "users".* FROM "users" WHERE "users"."id" = $1 ORDER BY "users"."id" ASC LIMIT $2[0m  [["id", 1], ["LIMIT", 1]]
  ↳ app/views/layouts/application.html.erb:27
  Rendered layout layouts/application.html.erb (Duration: 14.6ms | Allocations: 3581)
Completed 200 OK in 16ms (Views: 14.2ms | ActiveRecord: 1.4ms | Allocations: 3820)


Started GET "/users/1" for 127.0.0.1 at 2023-11-28 11:40:50 +0100
Processing by UsersController#show as HTML
  Parameters: {"id"=>"1"}
  [1m[36mUser Load (0.5ms)[0m  [1m[34mSELECT "users".* FROM "users" WHERE "users"."id" = $1 ORDER BY "users"."id" ASC LIMIT $2[0m  [["id", 1], ["LIMIT", 1]]
  Rendering layout layouts/application.html.erb
  Rendering users/show.html.erb within layouts/application
  Rendered users/_user.html.erb (Duration: 0.1ms | Allocations: 18)
  Rendered users/show.html.erb within layouts/application (Duration: 1.0ms | Allocations: 288)
  Rendered layout layouts/application.html.erb (Duration: 3.3ms | Allocations: 2226)
Completed 200 OK in 15ms (Views: 5.3ms | ActiveRecord: 0.5ms | Allocations: 3870)


Started GET "/" for 127.0.0.1 at 2023-11-28 11:40:54 +0100
Processing by PhotosController#index as HTML
  Rendering layout layouts/application.html.erb
  Rendering photos/index.html.erb within layouts/application
  [1m[36mPhoto Load (1.8ms)[0m  [1m[34mSELECT "photos".* FROM "photos"[0m
  ↳ app/views/photos/index.html.erb:6
  Rendered photos/_photo.html.erb (Duration: 0.4ms | Allocations: 25)
  Rendered photos/_photo.html.erb (Duration: 0.2ms | Allocations: 25)
  Rendered photos/index.html.erb within layouts/application (Duration: 11.4ms | Allocations: 1010)
  [1m[36mUser Load (0.3ms)[0m  [1m[34mSELECT "users".* FROM "users" WHERE "users"."id" = $1 ORDER BY "users"."id" ASC LIMIT $2[0m  [["id", 1], ["LIMIT", 1]]
  ↳ app/views/layouts/application.html.erb:27
  Rendered layout layouts/application.html.erb (Duration: 15.9ms | Allocations: 3596)
Completed 200 OK in 18ms (Views: 15.5ms | ActiveRecord: 1.8ms | Allocations: 3840)


Started GET "/users/1" for 127.0.0.1 at 2023-11-28 11:40:56 +0100
Processing by UsersController#show as HTML
  Parameters: {"id"=>"1"}
  [1m[36mUser Load (0.5ms)[0m  [1m[34mSELECT "users".* FROM "users" WHERE "users"."id" = $1 ORDER BY "users"."id" ASC LIMIT $2[0m  [["id", 1], ["LIMIT", 1]]
  Rendering layout layouts/application.html.erb
  Rendering users/show.html.erb within layouts/application
  Rendered users/_user.html.erb (Duration: 0.2ms | Allocations: 18)
  Rendered users/show.html.erb within layouts/application (Duration: 2.2ms | Allocations: 288)
  Rendered layout layouts/application.html.erb (Duration: 9.3ms | Allocations: 2219)
Completed 200 OK in 16ms (Views: 10.7ms | ActiveRecord: 0.5ms | Allocations: 3857)


Started GET "/users/edit.1" for 127.0.0.1 at 2023-11-28 11:40:58 +0100
Processing by Devise::RegistrationsController#edit as */*
  [1m[36mUser Load (0.3ms)[0m  [1m[34mSELECT "users".* FROM "users" WHERE "users"."id" = $1 ORDER BY "users"."id" ASC LIMIT $2[0m  [["id", 1], ["LIMIT", 1]]
  Rendering layout layouts/application.html.erb
  Rendering devise/registrations/edit.html.erb within layouts/application
  Rendered devise/shared/_error_messages.html.erb (Duration: 0.1ms | Allocations: 13)
  Rendered devise/registrations/edit.html.erb within layouts/application (Duration: 9.8ms | Allocations: 1735)
  Rendered layout layouts/application.html.erb (Duration: 16.4ms | Allocations: 3676)
Completed 200 OK in 21ms (Views: 17.3ms | ActiveRecord: 0.2ms | Allocations: 5454)


Started GET "/users/1" for 127.0.0.1 at 2023-11-28 11:41:00 +0100
Processing by UsersController#show as HTML
  Parameters: {"id"=>"1"}
  [1m[36mUser Load (0.2ms)[0m  [1m[34mSELECT "users".* FROM "users" WHERE "users"."id" = $1 ORDER BY "users"."id" ASC LIMIT $2[0m  [["id", 1], ["LIMIT", 1]]
  Rendering layout layouts/application.html.erb
  Rendering users/show.html.erb within layouts/application
  Rendered users/_user.html.erb (Duration: 0.1ms | Allocations: 18)
  Rendered users/show.html.erb within layouts/application (Duration: 2.4ms | Allocations: 288)
  Rendered layout layouts/application.html.erb (Duration: 7.3ms | Allocations: 2219)
Completed 200 OK in 16ms (Views: 8.7ms | ActiveRecord: 0.2ms | Allocations: 3868)


Started GET "/" for 127.0.0.1 at 2023-11-28 11:41:04 +0100
Processing by PhotosController#index as HTML
  Rendering layout layouts/application.html.erb
  Rendering photos/index.html.erb within layouts/application
  [1m[36mPhoto Load (0.4ms)[0m  [1m[34mSELECT "photos".* FROM "photos"[0m
  ↳ app/views/photos/index.html.erb:6
  Rendered photos/_photo.html.erb (Duration: 0.1ms | Allocations: 25)
  Rendered photos/_photo.html.erb (Duration: 0.0ms | Allocations: 25)
  Rendered photos/index.html.erb within layouts/application (Duration: 2.3ms | Allocations: 991)
  [1m[36mUser Load (1.7ms)[0m  [1m[34mSELECT "users".* FROM "users" WHERE "users"."id" = $1 ORDER BY "users"."id" ASC LIMIT $2[0m  [["id", 1], ["LIMIT", 1]]
  ↳ app/views/layouts/application.html.erb:27
  Rendered layout layouts/application.html.erb (Duration: 11.5ms | Allocations: 3592)
Completed 200 OK in 13ms (Views: 10.5ms | ActiveRecord: 2.0ms | Allocations: 3832)


Started GET "/photos/1" for 127.0.0.1 at 2023-11-28 11:41:07 +0100
Processing by PhotosController#show as HTML
  Parameters: {"id"=>"1"}
  [1m[36mPhoto Load (0.4ms)[0m  [1m[34mSELECT "photos".* FROM "photos" WHERE "photos"."id" = $1 LIMIT $2[0m  [["id", 1], ["LIMIT", 1]]
  ↳ app/controllers/photos_controller.rb:65:in `set_photo'
  [1m[36mUser Load (1.0ms)[0m  [1m[34mSELECT "users".* FROM "users" WHERE "users"."id" = $1 ORDER BY "users"."id" ASC LIMIT $2[0m  [["id", 1], ["LIMIT", 1]]
  ↳ app/controllers/photos_controller.rb:11:in `show'
  [1m[36mCart Load (2.2ms)[0m  [1m[34mSELECT "carts".* FROM "carts" WHERE "carts"."user_id" = $1 LIMIT $2[0m  [["user_id", 1], ["LIMIT", 1]]
  ↳ app/controllers/photos_controller.rb:11:in `show'
  Rendering layout layouts/application.html.erb
  Rendering photos/show.html.erb within layouts/application
  Rendered photos/_photo.html.erb (Duration: 0.1ms | Allocations: 25)
  Rendered photos/show.html.erb within layouts/application (Duration: 0.7ms | Allocations: 270)
  Rendered layout layouts/application.html.erb (Duration: 5.2ms | Allocations: 2199)
Completed 200 OK in 26ms (Views: 7.0ms | ActiveRecord: 3.5ms | Allocations: 4532)


Started POST "/carts/1/add/1" for 127.0.0.1 at 2023-11-28 11:41:08 +0100
Processing by CartsController#add as HTML
  Parameters: {"authenticity_token"=>"[FILTERED]", "commit"=>"Add to cart", "cart_id"=>"1", "photo_id"=>"1"}
  [1m[36mUser Load (0.4ms)[0m  [1m[34mSELECT "users".* FROM "users" WHERE "users"."id" = $1 ORDER BY "users"."id" ASC LIMIT $2[0m  [["id", 1], ["LIMIT", 1]]
  [1m[36mCart Load (0.2ms)[0m  [1m[34mSELECT "carts".* FROM "carts" WHERE "carts"."user_id" = $1 LIMIT $2[0m  [["user_id", 1], ["LIMIT", 1]]
  ↳ app/controllers/carts_controller.rb:9:in `add'
  [1m[36mPhoto Load (0.2ms)[0m  [1m[34mSELECT "photos".* FROM "photos" WHERE "photos"."id" = $1 LIMIT $2[0m  [["id", 1], ["LIMIT", 1]]
  ↳ app/controllers/carts_controller.rb:10:in `add'
  [1m[36mTRANSACTION (0.2ms)[0m  [1m[35mBEGIN[0m
  ↳ app/controllers/carts_controller.rb:11:in `add'
  [1m[36mLineItem Create (1.1ms)[0m  [1m[32mINSERT INTO "line_items" ("itemable_type", "itemable_id", "photo_id", "quantity", "price", "created_at", "updated_at") VALUES ($1, $2, $3, $4, $5, $6, $7) RETURNING "id"[0m  [["itemable_type", "Cart"], ["itemable_id", 1], ["photo_id", 1], ["quantity", 1], ["price", "88.0"], ["created_at", "2023-11-28 10:41:08.910301"], ["updated_at", "2023-11-28 10:41:08.910301"]]
  ↳ app/controllers/carts_controller.rb:11:in `add'
  [1m[36mTRANSACTION (3.1ms)[0m  [1m[35mCOMMIT[0m
  ↳ app/controllers/carts_controller.rb:11:in `add'
Redirected to http://127.0.0.1:3000/carts/1
Completed 302 Found in 19ms (ActiveRecord: 5.1ms | Allocations: 4510)


Started GET "/carts/1" for 127.0.0.1 at 2023-11-28 11:41:08 +0100
Processing by CartsController#show as HTML
  Parameters: {"id"=>"1"}
  [1m[36mUser Load (0.2ms)[0m  [1m[34mSELECT "users".* FROM "users" WHERE "users"."id" = $1 ORDER BY "users"."id" ASC LIMIT $2[0m  [["id", 1], ["LIMIT", 1]]
  [1m[36mCart Load (0.3ms)[0m  [1m[34mSELECT "carts".* FROM "carts" WHERE "carts"."user_id" = $1 LIMIT $2[0m  [["user_id", 1], ["LIMIT", 1]]
  ↳ app/controllers/carts_controller.rb:5:in `show'
  Rendering layout layouts/application.html.erb
  Rendering carts/show.html.erb within layouts/application
  [1m[36mLineItem Exists? (2.0ms)[0m  [1m[34mSELECT 1 AS one FROM "line_items" WHERE "line_items"."itemable_id" = $1 AND "line_items"."itemable_type" = $2 LIMIT $3[0m  [["itemable_id", 1], ["itemable_type", "Cart"], ["LIMIT", 1]]
  ↳ app/views/carts/show.html.erb:3
  [1m[36mLineItem Load (2.3ms)[0m  [1m[34mSELECT "line_items".* FROM "line_items" WHERE "line_items"."itemable_id" = $1 AND "line_items"."itemable_type" = $2[0m  [["itemable_id", 1], ["itemable_type", "Cart"]]
  ↳ app/views/carts/show.html.erb:4
  [1m[36mPhoto Load (0.3ms)[0m  [1m[34mSELECT "photos".* FROM "photos" WHERE "photos"."id" = $1 LIMIT $2[0m  [["id", 1], ["LIMIT", 1]]
  ↳ app/views/carts/show.html.erb:6
  Rendered carts/show.html.erb within layouts/application (Duration: 14.8ms | Allocations: 2800)
  Rendered layout layouts/application.html.erb (Duration: 15.4ms | Allocations: 2891)
Completed 500 Internal Server Error in 21ms (ActiveRecord: 4.2ms | Allocations: 5074)


  
ActionView::Template::Error (undefined method `cart_remove_from_path' for #<ActionView::Base:0x00000000010ab8>):
    4:   <% @cart.line_items.each do |line_item| %>
    5:     <div>
    6:       <p><%= line_item.photo.title %>: <%= number_to_currency(line_item.price) %></p>
    7:       <%= button_to 'Remove', cart_remove_from_path(line_item_id: line_item.id), method: :delete %>
    8:       </div>
    9:   <% end %>
   10: 
  
app/views/carts/show.html.erb:7
app/views/carts/show.html.erb:4
DEPRECATION WARNING: `Rails.application.secrets` is deprecated in favor of `Rails.application.credentials` and will be removed in Rails 7.2. (called from <main> at /home/sylvaind/THP/photochaton-polymorphic/config/environment.rb:5)
Started GET "/cart_items" for 127.0.0.1 at 2023-11-29 06:39:15 +0100
  [1m[36mActiveRecord::SchemaMigration Load (5.8ms)[0m  [1m[34mSELECT "schema_migrations"."version" FROM "schema_migrations" ORDER BY "schema_migrations"."version" ASC[0m
  
ActionController::RoutingError (No route matches [GET] "/cart_items"):
  
Started GET "/cart_items" for 127.0.0.1 at 2023-11-29 06:43:40 +0100
  
ActionController::RoutingError (No route matches [GET] "/cart_items"):
  
Started GET "/" for 127.0.0.1 at 2023-11-29 06:43:55 +0100
Processing by PhotosController#index as HTML
  Rendering layout layouts/application.html.erb
  Rendering photos/index.html.erb within layouts/application
  [1m[36mPhoto Load (13.2ms)[0m  [1m[34mSELECT "photos".* FROM "photos"[0m
  ↳ app/views/photos/index.html.erb:6
  Rendered photos/_photo.html.erb (Duration: 3.4ms | Allocations: 284)
  Rendered photos/_photo.html.erb (Duration: 0.1ms | Allocations: 25)
  Rendered photos/index.html.erb within layouts/application (Duration: 287.4ms | Allocations: 15661)
  [1m[36mUser Load (5.3ms)[0m  [1m[34mSELECT "users".* FROM "users" WHERE "users"."id" = $1 ORDER BY "users"."id" ASC LIMIT $2[0m  [["id", 1], ["LIMIT", 1]]
  ↳ app/views/layouts/application.html.erb:29
  [1m[36mCart Load (4.1ms)[0m  [1m[34mSELECT "carts".* FROM "carts" WHERE "carts"."user_id" = $1 LIMIT $2[0m  [["user_id", 1], ["LIMIT", 1]]
  ↳ app/views/layouts/application.html.erb:36
  Rendered layout layouts/application.html.erb (Duration: 450.1ms | Allocations: 35623)
Completed 200 OK in 528ms (Views: 298.9ms | ActiveRecord: 160.0ms | Allocations: 40113)


Started DELETE "/users/sign_out" for 127.0.0.1 at 2023-11-29 06:44:16 +0100
Processing by Devise::SessionsController#destroy as HTML
  Parameters: {"authenticity_token"=>"[FILTERED]", "commit"=>"Logout"}
  [1m[36mUser Load (0.3ms)[0m  [1m[34mSELECT "users".* FROM "users" WHERE "users"."id" = $1 ORDER BY "users"."id" ASC LIMIT $2[0m  [["id", 1], ["LIMIT", 1]]
Redirected to http://127.0.0.1:3000/
Completed 303 See Other in 41ms (ActiveRecord: 0.3ms | Allocations: 3394)


Started GET "/" for 127.0.0.1 at 2023-11-29 06:44:16 +0100
Processing by PhotosController#index as HTML
  Rendering layout layouts/application.html.erb
  Rendering photos/index.html.erb within layouts/application
  [1m[36mPhoto Load (0.5ms)[0m  [1m[34mSELECT "photos".* FROM "photos"[0m
  ↳ app/views/photos/index.html.erb:6
  Rendered photos/_photo.html.erb (Duration: 0.1ms | Allocations: 25)
  Rendered photos/_photo.html.erb (Duration: 0.1ms | Allocations: 25)
  Rendered photos/index.html.erb within layouts/application (Duration: 3.4ms | Allocations: 998)
  Rendered layout layouts/application.html.erb (Duration: 12.0ms | Allocations: 1725)
Completed 200 OK in 15ms (Views: 13.6ms | ActiveRecord: 0.5ms | Allocations: 1967)


Started GET "/users/sign_up" for 127.0.0.1 at 2023-11-29 06:44:19 +0100
Processing by Devise::RegistrationsController#new as HTML
  Rendering layout layouts/application.html.erb
  Rendering devise/registrations/new.html.erb within layouts/application
  Rendered devise/shared/_error_messages.html.erb (Duration: 2.9ms | Allocations: 226)
  Rendered devise/shared/_links.html.erb (Duration: 3.3ms | Allocations: 583)
  Rendered devise/registrations/new.html.erb within layouts/application (Duration: 35.1ms | Allocations: 3147)
  Rendered layout layouts/application.html.erb (Duration: 38.2ms | Allocations: 3827)
Completed 200 OK in 45ms (Views: 40.6ms | ActiveRecord: 0.0ms | Allocations: 5137)


DEPRECATION WARNING: `Rails.application.secrets` is deprecated in favor of `Rails.application.credentials` and will be removed in Rails 7.2. (called from <main> at /home/sylvaind/THP/photochaton-polymorphic/config/environment.rb:5)
DEPRECATION WARNING: `Rails.application.secrets` is deprecated in favor of `Rails.application.credentials` and will be removed in Rails 7.2. (called from <main> at /home/sylvaind/THP/photochaton-polymorphic/config/environment.rb:5)
  [1m[35m (1.2ms)[0m  [1m[34mSELECT pg_try_advisory_lock(7065367373245109250)[0m
  [1m[36mActiveRecord::SchemaMigration Load (4.0ms)[0m  [1m[34mSELECT "schema_migrations"."version" FROM "schema_migrations" ORDER BY "schema_migrations"."version" ASC[0m
  [1m[36mActiveRecord::InternalMetadata Load (5.9ms)[0m  [1m[34mSELECT * FROM "ar_internal_metadata" WHERE "ar_internal_metadata"."key" = $1 ORDER BY "ar_internal_metadata"."key" ASC LIMIT 1[0m  [[nil, "environment"]]
Migrating to AddAdminToUsers (20231129055109)
  [1m[36mTRANSACTION (0.2ms)[0m  [1m[35mBEGIN[0m
  [1m[35m (15.6ms)[0m  [1m[35mALTER TABLE "users" ADD "admin" boolean[0m
  [1m[36mActiveRecord::SchemaMigration Create (4.2ms)[0m  [1m[32mINSERT INTO "schema_migrations" ("version") VALUES ('20231129055109') RETURNING "version"[0m
  [1m[36mTRANSACTION (9.2ms)[0m  [1m[35mCOMMIT[0m
  [1m[35m (0.6ms)[0m  [1m[34mSELECT pg_advisory_unlock(7065367373245109250)[0m
  [1m[36mActiveRecord::SchemaMigration Load (0.3ms)[0m  [1m[34mSELECT "schema_migrations"."version" FROM "schema_migrations" ORDER BY "schema_migrations"."version" ASC[0m
DEPRECATION WARNING: `Rails.application.secrets` is deprecated in favor of `Rails.application.credentials` and will be removed in Rails 7.2. (called from <main> at /home/sylvaind/THP/photochaton-polymorphic/config/environment.rb:5)
Started GET "/users/sign_up" for 127.0.0.1 at 2023-11-29 07:00:28 +0100
  [1m[36mActiveRecord::SchemaMigration Load (1.0ms)[0m  [1m[34mSELECT "schema_migrations"."version" FROM "schema_migrations" ORDER BY "schema_migrations"."version" ASC[0m
Processing by Devise::RegistrationsController#new as HTML
  Rendering layout layouts/application.html.erb
  Rendering devise/registrations/new.html.erb within layouts/application
  Rendered devise/shared/_error_messages.html.erb (Duration: 2.8ms | Allocations: 213)
  Rendered devise/shared/_links.html.erb (Duration: 2.1ms | Allocations: 563)
  Rendered devise/registrations/new.html.erb within layouts/application (Duration: 35.2ms | Allocations: 2230)
  Rendered layout layouts/application.html.erb (Duration: 42.8ms | Allocations: 3531)
Completed 200 OK in 86ms (Views: 48.6ms | ActiveRecord: 4.8ms | Allocations: 11187)


Started GET "/admin" for 127.0.0.1 at 2023-11-29 07:06:50 +0100
  
ArgumentError (Invalid route name, already in use: 'admin_root' 
You may have defined two routes with the same name using the `:as` option, or you may be overriding a route already defined by a resource with the same naming. For the latter, you can restrict the routes created with `resources` as explained here: 
https://guides.rubyonrails.org/routing.html#restricting-the-routes-created):
  
config/routes.rb:33:in `block (2 levels) in <main>'
config/routes.rb:30:in `block in <main>'
config/routes.rb:1:in `<main>'
Started GET "/admin/users/" for 127.0.0.1 at 2023-11-29 07:07:03 +0100
  
NameError (uninitialized constant Admin::Administrate):
  
app/controllers/admin/application_controller.rb:8:in `<module:Admin>'
app/controllers/admin/application_controller.rb:7:in `<main>'
app/controllers/admin/users_controller.rb:2:in `<module:Admin>'
app/controllers/admin/users_controller.rb:1:in `<main>'
DEPRECATION WARNING: `Rails.application.secrets` is deprecated in favor of `Rails.application.credentials` and will be removed in Rails 7.2. (called from <main> at /home/sylvaind/THP/photochaton-polymorphic/config/environment.rb:5)
DEPRECATION WARNING: `Rails.application.secrets` is deprecated in favor of `Rails.application.credentials` and will be removed in Rails 7.2. (called from <main> at /home/sylvaind/THP/photochaton-polymorphic/config/environment.rb:5)
DEPRECATION WARNING: `Rails.application.secrets` is deprecated in favor of `Rails.application.credentials` and will be removed in Rails 7.2. (called from <main> at /home/sylvaind/THP/photochaton-polymorphic/config/environment.rb:5)
  [1m[36mTRANSACTION (0.2ms)[0m  [1m[35mBEGIN[0m
  [1m[36mUser Exists? (7.6ms)[0m  [1m[34mSELECT 1 AS one FROM "users" WHERE "users"."email" = $1 LIMIT $2[0m  [["email", "admin@example.com"], ["LIMIT", 1]]
  [1m[36mUser Create (15.0ms)[0m  [1m[32mINSERT INTO "users" ("email", "encrypted_password", "reset_password_token", "reset_password_sent_at", "remember_created_at", "created_at", "updated_at", "admin") VALUES ($1, $2, $3, $4, $5, $6, $7, $8) RETURNING "id"[0m  [["email", "admin@example.com"], ["encrypted_password", "[FILTERED]"], ["reset_password_token", "[FILTERED]"], ["reset_password_sent_at", "[FILTERED]"], ["remember_created_at", nil], ["created_at", "2023-11-29 06:31:55.339118"], ["updated_at", "2023-11-29 06:31:55.339118"], ["admin", true]]
  [1m[36mCart Create (8.3ms)[0m  [1m[32mINSERT INTO "carts" ("user_id", "created_at", "updated_at") VALUES ($1, $2, $3) RETURNING "id"[0m  [["user_id", 2], ["created_at", "2023-11-29 06:31:55.402752"], ["updated_at", "2023-11-29 06:31:55.402752"]]
  [1m[36mTRANSACTION (18.3ms)[0m  [1m[35mCOMMIT[0m
Started GET "/users/sign_in" for 127.0.0.1 at 2023-11-29 07:34:44 +0100
  [1m[36mActiveRecord::SchemaMigration Load (3.0ms)[0m  [1m[34mSELECT "schema_migrations"."version" FROM "schema_migrations" ORDER BY "schema_migrations"."version" ASC[0m
Processing by Devise::SessionsController#new as HTML
  Rendering layout layouts/application.html.erb
  Rendering devise/sessions/new.html.erb within layouts/application
  Rendered devise/shared/_links.html.erb (Duration: 2.6ms | Allocations: 696)
  Rendered devise/sessions/new.html.erb within layouts/application (Duration: 16.4ms | Allocations: 3998)
  Rendered layout layouts/application.html.erb (Duration: 21.8ms | Allocations: 5467)
Completed 200 OK in 605ms (Views: 532.2ms | ActiveRecord: 8.6ms | Allocations: 314663)


Started POST "/users/sign_in" for 127.0.0.1 at 2023-11-29 07:35:17 +0100
Processing by Devise::SessionsController#create as HTML
  Parameters: {"authenticity_token"=>"[FILTERED]", "user"=>{"email"=>"admin@example.com", "password"=>"[FILTERED]", "remember_me"=>"1"}, "commit"=>"Log in"}
  [1m[36mUser Load (1.0ms)[0m  [1m[34mSELECT "users".* FROM "users" WHERE "users"."email" = $1 ORDER BY "users"."id" ASC LIMIT $2[0m  [["email", "admin@example.com"], ["LIMIT", 1]]
  [1m[36mTRANSACTION (0.2ms)[0m  [1m[35mBEGIN[0m
  [1m[36mUser Update (6.8ms)[0m  [1m[33mUPDATE "users" SET "remember_created_at" = $1, "updated_at" = $2 WHERE "users"."id" = $3[0m  [["remember_created_at", "2023-11-29 06:35:17.766473"], ["updated_at", "2023-11-29 06:35:17.767113"], ["id", 2]]
  [1m[36mTRANSACTION (1.7ms)[0m  [1m[35mCOMMIT[0m
Redirected to http://127.0.0.1:3000/
Completed 303 See Other in 249ms (ActiveRecord: 9.8ms | Allocations: 12112)


Started GET "/" for 127.0.0.1 at 2023-11-29 07:35:17 +0100
Processing by PhotosController#index as HTML
  Rendering layout layouts/application.html.erb
  Rendering photos/index.html.erb within layouts/application
  [1m[36mPhoto Load (2.5ms)[0m  [1m[34mSELECT "photos".* FROM "photos"[0m
  ↳ app/views/photos/index.html.erb:6
  Rendered photos/_photo.html.erb (Duration: 1.8ms | Allocations: 269)
  Rendered photos/_photo.html.erb (Duration: 0.2ms | Allocations: 25)
  Rendered photos/index.html.erb within layouts/application (Duration: 28.8ms | Allocations: 8602)
  [1m[36mUser Load (0.4ms)[0m  [1m[34mSELECT "users".* FROM "users" WHERE "users"."id" = $1 ORDER BY "users"."id" ASC LIMIT $2[0m  [["id", 2], ["LIMIT", 1]]
  ↳ app/views/layouts/application.html.erb:29
  [1m[36mCart Load (0.2ms)[0m  [1m[34mSELECT "carts".* FROM "carts" WHERE "carts"."user_id" = $1 LIMIT $2[0m  [["user_id", 2], ["LIMIT", 1]]
  ↳ app/views/layouts/application.html.erb:36
  Rendered layout layouts/application.html.erb (Duration: 51.1ms | Allocations: 17963)
Completed 200 OK in 59ms (Views: 44.8ms | ActiveRecord: 7.8ms | Allocations: 20207)


Started GET "/admin" for 127.0.0.1 at 2023-11-29 07:35:31 +0100
Processing by Admin::CartsController#index as HTML
  Rendering layout /home/sylvaind/.rvm/gems/ruby-3.2.2/gems/administrate-0.19.0/app/views/layouts/administrate/application.html.erb
  Rendering /home/sylvaind/.rvm/gems/ruby-3.2.2/gems/administrate-0.19.0/app/views/administrate/application/index.html.erb within layouts/administrate/application
  Rendered /home/sylvaind/.rvm/gems/ruby-3.2.2/gems/administrate-0.19.0/app/views/administrate/application/_index_header.html.erb (Duration: 2.6ms | Allocations: 1866)
  Rendered /home/sylvaind/.rvm/gems/ruby-3.2.2/gems/administrate-0.19.0/app/views/administrate/application/_collection_header_actions.html.erb (Duration: 0.8ms | Allocations: 155)
  [1m[36mCart Load (0.3ms)[0m  [1m[34mSELECT "carts".* FROM "carts" LIMIT $1 OFFSET $2[0m  [["LIMIT", 20], ["OFFSET", 0]]
  [1m[36mUser Load (1.8ms)[0m  [1m[34mSELECT "users".* FROM "users" WHERE "users"."id" IN ($1, $2)[0m  [["id", 1], ["id", 2]]
  Rendered /home/sylvaind/.rvm/gems/ruby-3.2.2/gems/administrate-0.19.0/app/views/fields/number/_index.html.erb (Duration: 0.4ms | Allocations: 157)
  [1m[36mLineItem Count (11.5ms)[0m  [1m[34mSELECT COUNT(*) FROM "line_items" WHERE "line_items"."itemable_id" = $1 AND "line_items"."itemable_type" = $2[0m  [["itemable_id", 1], ["itemable_type", "Cart"]]
  [1m[36mCACHE LineItem Count (0.0ms)[0m  [1m[34mSELECT COUNT(*) FROM "line_items" WHERE "line_items"."itemable_id" = $1 AND "line_items"."itemable_type" = $2[0m  [["itemable_id", 1], ["itemable_type", "Cart"]]
  Rendered /home/sylvaind/.rvm/gems/ruby-3.2.2/gems/administrate-0.19.0/app/views/fields/has_many/_index.html.erb (Duration: 18.4ms | Allocations: 3867)
  Rendered /home/sylvaind/.rvm/gems/ruby-3.2.2/gems/administrate-0.19.0/app/views/fields/belongs_to/_index.html.erb (Duration: 3.8ms | Allocations: 579)
  Rendered /home/sylvaind/.rvm/gems/ruby-3.2.2/gems/administrate-0.19.0/app/views/fields/date_time/_index.html.erb (Duration: 0.7ms | Allocations: 284)
  Rendered /home/sylvaind/.rvm/gems/ruby-3.2.2/gems/administrate-0.19.0/app/views/administrate/application/_collection_item_actions.html.erb (Duration: 0.9ms | Allocations: 473)
  Rendered /home/sylvaind/.rvm/gems/ruby-3.2.2/gems/administrate-0.19.0/app/views/fields/number/_index.html.erb (Duration: 0.0ms | Allocations: 18)
  [1m[36mLineItem Count (0.3ms)[0m  [1m[34mSELECT COUNT(*) FROM "line_items" WHERE "line_items"."itemable_id" = $1 AND "line_items"."itemable_type" = $2[0m  [["itemable_id", 2], ["itemable_type", "Cart"]]
  Rendered /home/sylvaind/.rvm/gems/ruby-3.2.2/gems/administrate-0.19.0/app/views/fields/has_many/_index.html.erb (Duration: 2.1ms | Allocations: 1622)
  Rendered /home/sylvaind/.rvm/gems/ruby-3.2.2/gems/administrate-0.19.0/app/views/fields/belongs_to/_index.html.erb (Duration: 0.2ms | Allocations: 92)
  Rendered /home/sylvaind/.rvm/gems/ruby-3.2.2/gems/administrate-0.19.0/app/views/fields/date_time/_index.html.erb (Duration: 0.2ms | Allocations: 69)
  Rendered /home/sylvaind/.rvm/gems/ruby-3.2.2/gems/administrate-0.19.0/app/views/administrate/application/_collection_item_actions.html.erb (Duration: 0.5ms | Allocations: 239)
  Rendered /home/sylvaind/.rvm/gems/ruby-3.2.2/gems/administrate-0.19.0/app/views/administrate/application/_collection.html.erb (Duration: 75.2ms | Allocations: 21831)
  Rendered /home/sylvaind/.rvm/gems/ruby-3.2.2/gems/administrate-0.19.0/app/views/administrate/application/_pagination.html.erb (Duration: 2.6ms | Allocations: 1146)
  Rendered /home/sylvaind/.rvm/gems/ruby-3.2.2/gems/administrate-0.19.0/app/views/administrate/application/index.html.erb within layouts/administrate/application (Duration: 84.1ms | Allocations: 26424)
  Rendered /home/sylvaind/.rvm/gems/ruby-3.2.2/gems/administrate-0.19.0/app/views/administrate/application/_stylesheet.html.erb (Duration: 643.2ms | Allocations: 131361)
  Rendered /home/sylvaind/.rvm/gems/ruby-3.2.2/gems/administrate-0.19.0/app/views/administrate/application/_icons.html.erb (Duration: 0.4ms | Allocations: 108)
  Rendered /home/sylvaind/.rvm/gems/ruby-3.2.2/gems/administrate-0.19.0/app/views/administrate/application/_navigation.html.erb (Duration: 20.5ms | Allocations: 4597)
  Rendered /home/sylvaind/.rvm/gems/ruby-3.2.2/gems/administrate-0.19.0/app/views/administrate/application/_flashes.html.erb (Duration: 1.7ms | Allocations: 255)
  Rendered /home/sylvaind/.rvm/gems/ruby-3.2.2/gems/administrate-0.19.0/app/views/administrate/application/_javascript.html.erb (Duration: 11.3ms | Allocations: 2322)
  Rendered layout /home/sylvaind/.rvm/gems/ruby-3.2.2/gems/administrate-0.19.0/app/views/layouts/administrate/application.html.erb (Duration: 790.4ms | Allocations: 167972)
Completed 200 OK in 845ms (Views: 778.4ms | ActiveRecord: 16.1ms | Allocations: 174782)


